  DeleteDay.cpp
d:\vsprojects\deday\deleteday.cpp(156): warning C4996: 'wcsncpy': This function or variable may be unsafe. Consider using wcsncpy_s instead. To disable deprecation, use _CRT_SECURE_NO_WARNINGS. See online help for details.
  c:\program files\windows kits\10\include\10.0.10240.0\ucrt\corecrt_wstring.h(204): note: see declaration of 'wcsncpy'
d:\vsprojects\deday\deleteday.cpp(170): warning C4996: 'wcsncpy': This function or variable may be unsafe. Consider using wcsncpy_s instead. To disable deprecation, use _CRT_SECURE_NO_WARNINGS. See online help for details.
  c:\program files\windows kits\10\include\10.0.10240.0\ucrt\corecrt_wstring.h(204): note: see declaration of 'wcsncpy'
d:\vsprojects\deday\deleteday.cpp(171): warning C4996: 'wcscat': This function or variable may be unsafe. Consider using wcscat_s instead. To disable deprecation, use _CRT_SECURE_NO_WARNINGS. See online help for details.
  c:\program files\windows kits\10\include\10.0.10240.0\ucrt\corecrt_wstring.h(101): note: see declaration of 'wcscat'
d:\vsprojects\deday\deleteday.cpp(339): warning C4996: 'swprintf': function has been changed to conform with the ISO C standard, adding an extra character count parameter. To use the traditional Microsoft version, set _CRT_NON_CONFORMING_SWPRINTFS.
  c:\program files\windows kits\10\include\10.0.10240.0\ucrt\corecrt_wstdio.h(1820): note: see declaration of 'swprintf'
d:\vsprojects\deday\deleteday.cpp(346): warning C4996: 'swprintf': function has been changed to conform with the ISO C standard, adding an extra character count parameter. To use the traditional Microsoft version, set _CRT_NON_CONFORMING_SWPRINTFS.
  c:\program files\windows kits\10\include\10.0.10240.0\ucrt\corecrt_wstdio.h(1820): note: see declaration of 'swprintf'
d:\vsprojects\deday\deleteday.cpp(391): warning C4996: 'wcsncpy': This function or variable may be unsafe. Consider using wcsncpy_s instead. To disable deprecation, use _CRT_SECURE_NO_WARNINGS. See online help for details.
  c:\program files\windows kits\10\include\10.0.10240.0\ucrt\corecrt_wstring.h(204): note: see declaration of 'wcsncpy'
d:\vsprojects\deday\deleteday.cpp(403): warning C4996: 'swprintf': function has been changed to conform with the ISO C standard, adding an extra character count parameter. To use the traditional Microsoft version, set _CRT_NON_CONFORMING_SWPRINTFS.
  c:\program files\windows kits\10\include\10.0.10240.0\ucrt\corecrt_wstdio.h(1820): note: see declaration of 'swprintf'
d:\vsprojects\deday\deleteday.cpp(424): warning C4996: 'swprintf': function has been changed to conform with the ISO C standard, adding an extra character count parameter. To use the traditional Microsoft version, set _CRT_NON_CONFORMING_SWPRINTFS.
  c:\program files\windows kits\10\include\10.0.10240.0\ucrt\corecrt_wstdio.h(1820): note: see declaration of 'swprintf'
d:\vsprojects\deday\deleteday.cpp(428): warning C4996: 'swprintf': function has been changed to conform with the ISO C standard, adding an extra character count parameter. To use the traditional Microsoft version, set _CRT_NON_CONFORMING_SWPRINTFS.
  c:\program files\windows kits\10\include\10.0.10240.0\ucrt\corecrt_wstdio.h(1820): note: see declaration of 'swprintf'
DeDay.obj : warning LNK4075: ignoring '/EDITANDCONTINUE' due to '/SAFESEH' specification
  DeDay.vcxproj -> D:\VSProjects\DeDay\Debug\DeDay.exe
  DeDay.vcxproj -> D:\VSProjects\DeDay\Debug\DeDay.pdb (Full PDB)
